#
# There is insufficient memory for the Java Runtime Environment to continue.
# Native memory allocation (malloc) failed to allocate 1069616 bytes for Chunk::new
# Possible reasons:
#   The system is out of physical RAM or swap space
#   In 32 bit mode, the process size limit was hit
# Possible solutions:
#   Reduce memory load on the system
#   Increase physical memory or swap space
#   Check if swap backing store is full
#   Use 64 bit Java on a 64 bit OS
#   Decrease Java heap size (-Xmx/-Xms)
#   Decrease number of Java threads
#   Decrease Java thread stack sizes (-Xss)
#   Set larger code cache with -XX:ReservedCodeCacheSize=
# This output file may be truncated or incomplete.
#
#  Out of Memory Error (allocation.cpp:390), pid=11644, tid=0x0000000000002a54
#
# JRE version: OpenJDK Runtime Environment (8.0_152-b02) (build 1.8.0_152-release-1024-b02)
# Java VM: OpenJDK 64-Bit Server VM (25.152-b02 mixed mode windows-amd64 compressed oops)
# Failed to write core dump. Minidumps are not enabled by default on client versions of Windows
#

---------------  T H R E A D  ---------------

Current thread (0x0000000019d39000):  JavaThread "C2 CompilerThread1" daemon [_thread_in_native, id=10836, stack(0x000000001a3e0000,0x000000001a4e0000)]

Stack: [0x000000001a3e0000,0x000000001a4e0000]
[error occurred during error reporting (printing stack bounds), id 0xc0000005]

Native frames: (J=compiled Java code, j=interpreted, Vv=VM code, C=native code)


Current CompileTask:
C2:1065842 25844       4       org.gradle.api.internal.tasks.compile.incremental.deps.ClassDependentsAccumulator::addClass (266 bytes)


---------------  P R O C E S S  ---------------

Java Threads: ( => current thread )
  0x000000001e694800 JavaThread "Cache worker for Java compile cache (C:\Users\Administrator\AndroidStudioProjects\map2\.gradle\4.4\javaCompile)" [_thread_blocked, id=9196, stack(0x0000000048d40000,0x0000000048e40000)]
  0x000000001debc800 JavaThread "Task worker for ':' Thread 3" [_thread_blocked, id=11152, stack(0x0000000047240000,0x0000000047340000)]
  0x000000001deb5000 JavaThread "Task worker for ':' Thread 2" [_thread_blocked, id=4148, stack(0x0000000047140000,0x0000000047240000)]
  0x000000001debb000 JavaThread "Task worker for ':'" [_thread_blocked, id=6176, stack(0x0000000047040000,0x0000000047140000)]
  0x000000001deb7000 JavaThread "Cache worker for Build Output Cleanup Cache (C:\Users\Administrator\AndroidStudioProjects\map2\.gradle\buildOutputCleanup)" [_thread_blocked, id=10728, stack(0x0000000046f40000,0x0000000047040000)]
  0x000000001deba000 JavaThread "Cache worker for task history cache (C:\Users\Administrator\AndroidStudioProjects\map2\.gradle\4.4\taskHistory)" [_thread_blocked, id=8152, stack(0x0000000046e40000,0x0000000046f40000)]
  0x000000001debb800 JavaThread "Cache worker for file content cache (C:\Users\Administrator\AndroidStudioProjects\map2\.gradle\4.4\fileContent)" [_thread_blocked, id=9068, stack(0x0000000046d40000,0x0000000046e40000)]
  0x000000001deb9800 JavaThread "build operations Thread 4" [_thread_blocked, id=2960, stack(0x0000000046c40000,0x0000000046d40000)]
  0x000000001deb2800 JavaThread "build operations Thread 3" [_thread_blocked, id=1416, stack(0x0000000046b40000,0x0000000046c40000)]
  0x000000001deb4000 JavaThread "build operations Thread 2" [_thread_blocked, id=9408, stack(0x0000000046a40000,0x0000000046b40000)]
  0x000000001deb2000 JavaThread "build operations" [_thread_blocked, id=10548, stack(0x0000000046940000,0x0000000046a40000)]
  0x000000001deb8800 JavaThread "Cache worker for Artifact transforms cache (C:\Users\Administrator\.gradle\caches\transforms-1)" [_thread_blocked, id=10352, stack(0x0000000046840000,0x0000000046940000)]
  0x000000001e3c6800 JavaThread "Cache worker for file hash cache (C:\Users\Administrator\AndroidStudioProjects\map2\.gradle\4.4\fileHashes)" [_thread_blocked, id=9904, stack(0x0000000046740000,0x0000000046840000)]
  0x000000001e3be800 JavaThread "Stdin handler" [_thread_blocked, id=9336, stack(0x0000000046640000,0x0000000046740000)]
  0x000000001e3c5000 JavaThread "Asynchronous log dispatcher for DefaultDaemonConnection: socket connection from /127.0.0.1:50962 to /127.0.0.1:51638" [_thread_blocked, id=5644, stack(0x0000000046540000,0x0000000046640000)]
  0x000000001e3bd800 JavaThread "Daemon worker Thread 6" [_thread_blocked, id=11768, stack(0x0000000046440000,0x0000000046540000)]
  0x000000001e3bd000 JavaThread "Cancel handler" [_thread_blocked, id=6268, stack(0x0000000046340000,0x0000000046440000)]
  0x000000001e3bb800 JavaThread "Handler for socket connection from /127.0.0.1:50962 to /127.0.0.1:51638" [_thread_in_native, id=11016, stack(0x0000000046240000,0x0000000046340000)]
  0x000000001e3bf000 JavaThread "Daemon Thread 6" [_thread_blocked, id=5716, stack(0x0000000046140000,0x0000000046240000)]
  0x000000001e697800 JavaThread "Java2D Disposer" daemon [_thread_blocked, id=9364, stack(0x0000000028940000,0x0000000028a40000)]
  0x000000001e3c0800 JavaThread "Memory manager" [_thread_blocked, id=11844, stack(0x0000000024970000,0x0000000024a70000)]
  0x000000001b8ea800 JavaThread "File lock request listener" [_thread_in_native, id=4652, stack(0x000000001d1e0000,0x000000001d2e0000)]
  0x000000001bb1d000 JavaThread "Cache worker for file hash cache (C:\Users\Administrator\.gradle\caches\4.4\fileHashes)" [_thread_blocked, id=11104, stack(0x000000001d0e0000,0x000000001d1e0000)]
  0x000000001b72d000 JavaThread "Daemon periodic checks" [_thread_blocked, id=5856, stack(0x000000001c5e0000,0x000000001c6e0000)]
  0x000000001b712000 JavaThread "Incoming local TCP Connector on port 50962" [_thread_in_native, id=10584, stack(0x000000001c1b0000,0x000000001c2b0000)]
  0x0000000019d4a800 JavaThread "Service Thread" daemon [_thread_blocked, id=8028, stack(0x000000001a5e0000,0x000000001a6e0000)]
  0x0000000019d3c800 JavaThread "C1 CompilerThread2" daemon [_thread_blocked, id=11196, stack(0x000000001a4e0000,0x000000001a5e0000)]
=>0x0000000019d39000 JavaThread "C2 CompilerThread1" daemon [_thread_in_native, id=10836, stack(0x000000001a3e0000,0x000000001a4e0000)]
  0x00000000188c8000 JavaThread "C2 CompilerThread0" daemon [_thread_in_native, id=6476, stack(0x000000001a2e0000,0x000000001a3e0000)]
  0x00000000188c7800 JavaThread "Attach Listener" daemon [_thread_blocked, id=5416, stack(0x000000001a1e0000,0x000000001a2e0000)]
  0x0000000018883000 JavaThread "Signal Dispatcher" daemon [_thread_blocked, id=8160, stack(0x000000001a0e0000,0x000000001a1e0000)]
  0x0000000004efc000 JavaThread "Finalizer" daemon [_thread_blocked, id=3876, stack(0x0000000019ae0000,0x0000000019be0000)]
  0x0000000004ef1000 JavaThread "Reference Handler" daemon [_thread_blocked, id=7888, stack(0x00000000199e0000,0x0000000019ae0000)]
  0x00000000048ee800 JavaThread "main" [_thread_blocked, id=8544, stack(0x0000000004d00000,0x0000000004e00000)]

Other Threads:
  0x0000000018835800 VMThread [stack: 0x00000000198e0000,0x00000000199e0000] [id=6720]
  0x0000000019d4b800 WatcherThread [stack: 0x000000001a6e0000,0x000000001a7e0000] [id=8252]

VM state:not at safepoint (normal execution)

VM Mutex/Monitor currently owned by a thread: None

Heap:
 PSYoungGen      total 483328K, used 99457K [0x00000000e0000000, 0x00000000ffd80000, 0x0000000100000000)
  eden space 446976K, 20% used [0x00000000e0000000,0x00000000e5ae8410,0x00000000fb480000)
  from space 36352K, 17% used [0x00000000fda00000,0x00000000fe038050,0x00000000ffd80000)
  to   space 37376K, 0% used [0x00000000fb480000,0x00000000fb480000,0x00000000fd900000)
 ParOldGen       total 195584K, used 75630K [0x00000000a0000000, 0x00000000abf00000, 0x00000000e0000000)
  object space 195584K, 38% used [0x00000000a0000000,0x00000000a49dbae0,0x00000000abf00000)
 Metaspace       used 96322K, capacity 101442K, committed 101580K, reserved 1138688K
  class space    used 11987K, capacity 12947K, committed 13056K, reserved 1048576K

Card table byte_map: [0x00000000142c0000,0x00000000145d0000] byte_map_base: 0x0000000013dc0000

Marking Bits: (ParMarkBitMap*) 0x0000000059fe4970
 Begin Bits: [0x0000000014bd0000, 0x00000000163d0000)
 End Bits:   [0x00000000163d0000, 0x0000000017bd0000)

Polling page: 0x0000000004840000

CodeCache: size=245760Kb used=70966Kb max_used=70977Kb free=174793Kb
 bounds [0x0000000004f00000, 0x00000000094b0000, 0x0000000013f00000]
 total_blobs=20925 nmethods=19933 adapters=902
 compilation: enabled

Compilation events (10 events):
Event: 1065.530 Thread 0x0000000019d3c800 nmethod 25841 0x000000000949a750 code [0x000000000949a9c0, 0x000000000949b6c8]
Event: 1065.531 Thread 0x00000000188c8000 nmethod 25840 0x0000000009497810 code [0x0000000009497940, 0x0000000009497ad8]
Event: 1065.584 Thread 0x0000000019d39000 25842       4       org.objectweb.asm.commons.InstructionAdapter::visitIntInsn (197 bytes)
Event: 1065.586 Thread 0x0000000019d39000 nmethod 25842 0x00000000094abd50 code [0x00000000094abf20, 0x00000000094ac290]
Event: 1065.631 Thread 0x00000000188c8000 25843       4       org.objectweb.asm.commons.InstructionAdapter::visitLabel (6 bytes)
Event: 1065.638 Thread 0x00000000188c8000 nmethod 25843 0x00000000094ac650 code [0x00000000094ac7c0, 0x00000000094ace58]
Event: 1065.693 Thread 0x0000000019d39000 25844       4       org.gradle.api.internal.tasks.compile.incremental.deps.ClassDependentsAccumulator::addClass (266 bytes)
Event: 1065.769 Thread 0x00000000188c8000 25846       4       org.objectweb.asm.AnnotationVisitor::visitEnd (15 bytes)
Event: 1065.770 Thread 0x00000000188c8000 nmethod 25846 0x00000000073fb450 code [0x00000000073fb580, 0x00000000073fb5f8]
Event: 1065.774 Thread 0x00000000188c8000 25847       4       org.gradle.api.internal.tasks.compile.incremental.deps.ClassDependentsAccumulator::rememberClass (36 bytes)

GC Heap History (10 events):
Event: 895.876 GC heap before
{Heap before GC invocations=34 (full 4):
 PSYoungGen      total 427008K, used 387867K [0x00000000e0000000, 0x00000000ffe80000, 0x0000000100000000)
  eden space 384512K, 100% used [0x00000000e0000000,0x00000000f7780000,0x00000000f7780000)
  from space 42496K, 7% used [0x00000000f7780000,0x00000000f7ac6da8,0x00000000fa100000)
  to   space 41984K, 0% used [0x00000000fd580000,0x00000000fd580000,0x00000000ffe80000)
 ParOldGen       total 195584K, used 72937K [0x00000000a0000000, 0x00000000abf00000, 0x00000000e0000000)
  object space 195584K, 37% used [0x00000000a0000000,0x00000000a473a580,0x00000000abf00000)
 Metaspace       used 93447K, capacity 97866K, committed 98636K, reserved 1134592K
  class space    used 11654K, capacity 12534K, committed 12672K, reserved 1048576K
Event: 895.892 GC heap after
Heap after GC invocations=34 (full 4):
 PSYoungGen      total 479744K, used 7692K [0x00000000e0000000, 0x00000000ffc80000, 0x0000000100000000)
  eden space 439808K, 0% used [0x00000000e0000000,0x00000000e0000000,0x00000000fad80000)
  from space 39936K, 19% used [0x00000000fd580000,0x00000000fdd03300,0x00000000ffc80000)
  to   space 40448K, 0% used [0x00000000fad80000,0x00000000fad80000,0x00000000fd500000)
 ParOldGen       total 195584K, used 72977K [0x00000000a0000000, 0x00000000abf00000, 0x00000000e0000000)
  object space 195584K, 37% used [0x00000000a0000000,0x00000000a4744580,0x00000000abf00000)
 Metaspace       used 93447K, capacity 97866K, committed 98636K, reserved 1134592K
  class space    used 11654K, capacity 12534K, committed 12672K, reserved 1048576K
}
Event: 900.055 GC heap before
{Heap before GC invocations=35 (full 4):
 PSYoungGen      total 479744K, used 447500K [0x00000000e0000000, 0x00000000ffc80000, 0x0000000100000000)
  eden space 439808K, 100% used [0x00000000e0000000,0x00000000fad80000,0x00000000fad80000)
  from space 39936K, 19% used [0x00000000fd580000,0x00000000fdd03300,0x00000000ffc80000)
  to   space 40448K, 0% used [0x00000000fad80000,0x00000000fad80000,0x00000000fd500000)
 ParOldGen       total 195584K, used 72977K [0x00000000a0000000, 0x00000000abf00000, 0x00000000e0000000)
  object space 195584K, 37% used [0x00000000a0000000,0x00000000a4744580,0x00000000abf00000)
 Metaspace       used 94212K, capacity 98720K, committed 99276K, reserved 1136640K
  class space    used 11724K, capacity 12603K, committed 12800K, reserved 1048576K
Event: 900.060 GC heap after
Heap after GC invocations=35 (full 4):
 PSYoungGen      total 480256K, used 2388K [0x00000000e0000000, 0x00000000fff80000, 0x0000000100000000)
  eden space 439808K, 0% used [0x00000000e0000000,0x00000000e0000000,0x00000000fad80000)
  from space 40448K, 5% used [0x00000000fad80000,0x00000000fafd5258,0x00000000fd500000)
  to   space 39936K, 0% used [0x00000000fd880000,0x00000000fd880000,0x00000000fff80000)
 ParOldGen       total 195584K, used 73009K [0x00000000a0000000, 0x00000000abf00000, 0x00000000e0000000)
  object space 195584K, 37% used [0x00000000a0000000,0x00000000a474c580,0x00000000abf00000)
 Metaspace       used 94212K, capacity 98720K, committed 99276K, reserved 1136640K
  class space    used 11724K, capacity 12603K, committed 12800K, reserved 1048576K
}
Event: 903.409 GC heap before
{Heap before GC invocations=36 (full 4):
 PSYoungGen      total 480256K, used 441174K [0x00000000e0000000, 0x00000000fff80000, 0x0000000100000000)
  eden space 439808K, 99% used [0x00000000e0000000,0x00000000fac807e8,0x00000000fad80000)
  from space 40448K, 5% used [0x00000000fad80000,0x00000000fafd5258,0x00000000fd500000)
  to   space 39936K, 0% used [0x00000000fd880000,0x00000000fd880000,0x00000000fff80000)
 ParOldGen       total 195584K, used 73009K [0x00000000a0000000, 0x00000000abf00000, 0x00000000e0000000)
  object space 195584K, 37% used [0x00000000a0000000,0x00000000a474c580,0x00000000abf00000)
 Metaspace       used 94732K, capacity 99376K, committed 99788K, reserved 1136640K
  class space    used 11792K, capacity 12691K, committed 12800K, reserved 1048576K
Event: 903.416 GC heap after
Heap after GC invocations=36 (full 4):
 PSYoungGen      total 480768K, used 5546K [0x00000000e0000000, 0x00000000ffc80000, 0x0000000100000000)
  eden space 443904K, 0% used [0x00000000e0000000,0x00000000e0000000,0x00000000fb180000)
  from space 36864K, 15% used [0x00000000fd880000,0x00000000fddea800,0x00000000ffc80000)
  to   space 38400K, 0% used [0x00000000fb180000,0x00000000fb180000,0x00000000fd700000)
 ParOldGen       total 195584K, used 73553K [0x00000000a0000000, 0x00000000abf00000, 0x00000000e0000000)
  object space 195584K, 37% used [0x00000000a0000000,0x00000000a47d45a0,0x00000000abf00000)
 Metaspace       used 94732K, capacity 99376K, committed 99788K, reserved 1136640K
  class space    used 11792K, capacity 12691K, committed 12800K, reserved 1048576K
}
Event: 962.256 GC heap before
{Heap before GC invocations=37 (full 4):
 PSYoungGen      total 480768K, used 449450K [0x00000000e0000000, 0x00000000ffc80000, 0x0000000100000000)
  eden space 443904K, 100% used [0x00000000e0000000,0x00000000fb180000,0x00000000fb180000)
  from space 36864K, 15% used [0x00000000fd880000,0x00000000fddea800,0x00000000ffc80000)
  to   space 38400K, 0% used [0x00000000fb180000,0x00000000fb180000,0x00000000fd700000)
 ParOldGen       total 195584K, used 73553K [0x00000000a0000000, 0x00000000abf00000, 0x00000000e0000000)
  object space 195584K, 37% used [0x00000000a0000000,0x00000000a47d45a0,0x00000000abf00000)
 Metaspace       used 95885K, capacity 100820K, committed 100940K, reserved 1136640K
  class space    used 11956K, capacity 12898K, committed 12928K, reserved 1048576K
Event: 962.313 GC heap after
Heap after GC invocations=37 (full 4):
 PSYoungGen      total 482304K, used 20278K [0x00000000e0000000, 0x0000000100000000, 0x0000000100000000)
  eden space 443904K, 0% used [0x00000000e0000000,0x00000000e0000000,0x00000000fb180000)
  from space 38400K, 52% used [0x00000000fb180000,0x00000000fc54d8b8,0x00000000fd700000)
  to   space 38912K, 0% used [0x00000000fda00000,0x00000000fda00000,0x0000000100000000)
 ParOldGen       total 195584K, used 73977K [0x00000000a0000000, 0x00000000abf00000, 0x00000000e0000000)
  object space 195584K, 37% used [0x00000000a0000000,0x00000000a483e630,0x00000000abf00000)
 Metaspace       used 95885K, capacity 100820K, committed 100940K, reserved 1136640K
  class space    used 11956K, capacity 12898K, committed 12928K, reserved 1048576K
}
Event: 1063.299 GC heap before
{Heap before GC invocations=38 (full 4):
 PSYoungGen      total 482304K, used 464182K [0x00000000e0000000, 0x0000000100000000, 0x0000000100000000)
  eden space 443904K, 100% used [0x00000000e0000000,0x00000000fb180000,0x00000000fb180000)
  from space 38400K, 52% used [0x00000000fb180000,0x00000000fc54d8b8,0x00000000fd700000)
  to   space 38912K, 0% used [0x00000000fda00000,0x00000000fda00000,0x0000000100000000)
 ParOldGen       total 195584K, used 73977K [0x00000000a0000000, 0x00000000abf00000, 0x00000000e0000000)
  object space 195584K, 37% used [0x00000000a0000000,0x00000000a483e630,0x00000000abf00000)
 Metaspace       used 96245K, capacity 101378K, committed 101580K, reserved 1138688K
  class space    used 11987K, capacity 12947K, committed 13056K, reserved 1048576K
Event: 1063.333 GC heap after
Heap after GC invocations=38 (full 4):
 PSYoungGen      total 483328K, used 6368K [0x00000000e0000000, 0x00000000ffd80000, 0x0000000100000000)
  eden space 446976K, 0% used [0x00000000e0000000,0x00000000e0000000,0x00000000fb480000)
  from space 36352K, 17% used [0x00000000fda00000,0x00000000fe038050,0x00000000ffd80000)
  to   space 37376K, 0% used [0x00000000fb480000,0x00000000fb480000,0x00000000fd900000)
 ParOldGen       total 195584K, used 75630K [0x00000000a0000000, 0x00000000abf00000, 0x00000000e0000000)
  object space 195584K, 38% used [0x00000000a0000000,0x00000000a49dbae0,0x00000000abf00000)
 Metaspace       used 96245K, capacity 101378K, committed 101580K, reserved 1138688K
  class space    used 11987K, capacity 12947K, committed 13056K, reserved 1048576K
}

Deoptimization events (10 events):
Event: 1063.571 Thread 0x000000001debc800 Uncommon trap: reason=class_check action=maybe_recompile pc=0x0000000007db7b64 method=com.sun.tools.javac.code.Type.map(Lcom/sun/tools/javac/util/List;Lcom/sun/tools/javac/code/Type$Mapping;)Lcom/sun/tools/javac/util/List; @ 24
Event: 1063.574 Thread 0x000000001debc800 Uncommon trap: reason=unstable_if action=reinterpret pc=0x0000000007efc090 method=com.sun.tools.javac.comp.Flow$AssignAnalyzer.trackable(Lcom/sun/tools/javac/code/Symbol$VarSymbol;)Z @ 20
Event: 1063.576 Thread 0x000000001debc800 Uncommon trap: reason=unstable_if action=reinterpret pc=0x0000000007e79ab4 method=com.sun.tools.javac.code.Types$SameTypeVisitor.visitType(Lcom/sun/tools/javac/code/Type;Lcom/sun/tools/javac/code/Type;)Ljava/lang/Boolean; @ 2
Event: 1063.579 Thread 0x000000001debc800 Uncommon trap: reason=unstable_if action=reinterpret pc=0x0000000007e7a918 method=com.sun.tools.javac.tree.TreeInfo.getStartPos(Lcom/sun/tools/javac/tree/JCTree;)I @ 566
Event: 1063.580 Thread 0x000000001debc800 Uncommon trap: reason=class_check action=maybe_recompile pc=0x0000000007ec94c4 method=com.sun.tools.javac.jvm.Pool.makePoolValue(Ljava/lang/Object;)Ljava/lang/Object; @ 35
Event: 1063.580 Thread 0x000000001debc800 Uncommon trap: reason=class_check action=maybe_recompile pc=0x0000000007ec94c4 method=com.sun.tools.javac.jvm.Pool.makePoolValue(Ljava/lang/Object;)Ljava/lang/Object; @ 35
Event: 1063.580 Thread 0x000000001debc800 Uncommon trap: reason=unstable_if action=reinterpret pc=0x0000000007ec93b4 method=com.sun.tools.javac.jvm.Pool.put(Ljava/lang/Object;)I @ 87
Event: 1063.584 Thread 0x000000001debc800 Uncommon trap: reason=unstable_if action=reinterpret pc=0x0000000007e78f5c method=com.sun.tools.javac.code.Symbol.getRawTypeAttributes()Lcom/sun/tools/javac/util/List; @ 4
Event: 1065.112 Thread 0x000000001e694800 Uncommon trap: reason=unstable_if action=reinterpret pc=0x00000000080895d4 method=java.util.concurrent.locks.AbstractQueuedSynchronizer.findNodeFromTail(Ljava/util/concurrent/locks/AbstractQueuedSynchronizer$Node;)Z @ 7
Event: 1065.138 Thread 0x000000001debc800 Uncommon trap: reason=range_check action=make_not_entrant pc=0x000000000947b994 method=org.objectweb.asm.Type.getType([CI)Lorg/objectweb/asm/Type; @ 2

Classes redefined (0 events):
No events

Internal exceptions (10 events):
Event: 960.872 Thread 0x000000001ff44800 Exception <a 'sun/nio/fs/WindowsException'> (0x00000000f3cf8b80) thrown at [D:\src\AOSP-openjdk-cygwin\jdk8u\hotspot\src\share\vm\prims\jni.cpp, line 709]
Event: 960.872 Thread 0x000000001ff44800 Exception <a 'sun/nio/fs/WindowsException'> (0x00000000f3cfada8) thrown at [D:\src\AOSP-openjdk-cygwin\jdk8u\hotspot\src\share\vm\prims\jni.cpp, line 709]
Event: 960.872 Thread 0x000000001ff44800 Exception <a 'sun/nio/fs/WindowsException'> (0x00000000f3cfbaf8) thrown at [D:\src\AOSP-openjdk-cygwin\jdk8u\hotspot\src\share\vm\prims\jni.cpp, line 709]
Event: 960.872 Thread 0x000000001ff44800 Exception <a 'sun/nio/fs/WindowsException'> (0x00000000f3cfdc20) thrown at [D:\src\AOSP-openjdk-cygwin\jdk8u\hotspot\src\share\vm\prims\jni.cpp, line 709]
Event: 960.872 Thread 0x000000001ff44800 Exception <a 'sun/nio/fs/WindowsException'> (0x00000000f3cfe978) thrown at [D:\src\AOSP-openjdk-cygwin\jdk8u\hotspot\src\share\vm\prims\jni.cpp, line 709]
Event: 961.161 Thread 0x000000001ff44800 Implicit null exception at 0x000000000749f81e to 0x00000000074a037d
Event: 1060.142 Thread 0x000000001e3bd800 Exception <a 'sun/nio/fs/WindowsException'> (0x00000000e5d04f88) thrown at [D:\src\AOSP-openjdk-cygwin\jdk8u\hotspot\src\share\vm\prims\jni.cpp, line 709]
Event: 1060.503 Thread 0x000000001debc800 Implicit null exception at 0x0000000005c4bd9e to 0x0000000005c4bf21
Event: 1060.505 Thread 0x000000001debc800 Implicit null exception at 0x00000000091740f3 to 0x000000000917663d
Event: 1060.636 Thread 0x000000001debc800 Implicit null exception at 0x000000000597bb64 to 0x000000000597bfb5

Events (10 events):
Event: 1064.805 Thread 0x000000001debc800 DEOPT PACKING pc=0x0000000007e992a9 sp=0x000000004733be10
Event: 1064.805 Thread 0x000000001debc800 DEOPT UNPACKING pc=0x0000000004f475d0 sp=0x000000004733bbb8 mode 0
Event: 1065.112 Thread 0x000000001e694800 Uncommon trap: trap_request=0xffffff65 fr.pc=0x00000000080895d4
Event: 1065.112 Thread 0x000000001e694800 DEOPT PACKING pc=0x00000000080895d4 sp=0x0000000048e3e970
Event: 1065.112 Thread 0x000000001e694800 DEOPT UNPACKING pc=0x0000000004f4557b sp=0x0000000048e3e878 mode 2
Event: 1065.138 Thread 0x000000001debc800 Uncommon trap: trap_request=0xffffffe4 fr.pc=0x000000000947b994
Event: 1065.138 Thread 0x000000001debc800 DEOPT PACKING pc=0x000000000947b994 sp=0x000000004733c670
Event: 1065.138 Thread 0x000000001debc800 DEOPT UNPACKING pc=0x0000000004f4557b sp=0x000000004733c530 mode 2
Event: 1065.529 Thread 0x000000001debc800 DEOPT PACKING pc=0x00000000061cf89f sp=0x000000004733c7a0
Event: 1065.529 Thread 0x000000001debc800 DEOPT UNPACKING pc=0x0000000004f475d0 sp=0x000000004733c4b8 mode 0


Dynamic libraries:
0x00007ff736180000 - 0x00007ff7361b1000 	C:\Program Files\Android\Android Studio\jre\bin\java.exe
0x00007fff51530000 - 0x00007fff51710000 	C:\WINDOWS\SYSTEM32\ntdll.dll
0x00007fff50580000 - 0x00007fff5062e000 	C:\WINDOWS\System32\KERNEL32.DLL
0x00007fff4dff0000 - 0x00007fff4e256000 	C:\WINDOWS\System32\KERNELBASE.dll
0x00007fff50230000 - 0x00007fff502d1000 	C:\WINDOWS\System32\ADVAPI32.dll
0x00007fff50ab0000 - 0x00007fff50b4d000 	C:\WINDOWS\System32\msvcrt.dll
0x00007fff50520000 - 0x00007fff5057b000 	C:\WINDOWS\System32\sechost.dll
0x00007fff50110000 - 0x00007fff5022f000 	C:\WINDOWS\System32\RPCRT4.dll
0x00007fff50660000 - 0x00007fff507ef000 	C:\WINDOWS\System32\USER32.dll
0x00007fff4d930000 - 0x00007fff4d950000 	C:\WINDOWS\System32\win32u.dll
0x00007fff4ea60000 - 0x00007fff4ea88000 	C:\WINDOWS\System32\GDI32.dll
0x00007fff4dca0000 - 0x00007fff4de33000 	C:\WINDOWS\System32\gdi32full.dll
0x00007fff4d9d0000 - 0x00007fff4da6b000 	C:\WINDOWS\System32\msvcp_win.dll
0x00007fff4def0000 - 0x00007fff4dfe6000 	C:\WINDOWS\System32\ucrtbase.dll
0x00007fff43a90000 - 0x00007fff43cf9000 	C:\WINDOWS\WinSxS\amd64_microsoft.windows.common-controls_6595b64144ccf1df_6.0.16299.431_none_15c7d3ee93659e73\COMCTL32.dll
0x00007fff51020000 - 0x00007fff51328000 	C:\WINDOWS\System32\combase.dll
0x00007fff4d950000 - 0x00007fff4d9c2000 	C:\WINDOWS\System32\bcryptPrimitives.dll
0x00007fff50630000 - 0x00007fff5065d000 	C:\WINDOWS\System32\IMM32.DLL
0x0000000059740000 - 0x0000000059812000 	C:\Program Files\Android\Android Studio\jre\jre\bin\msvcr100.dll
0x0000000059820000 - 0x000000005a05f000 	C:\Program Files\Android\Android Studio\jre\jre\bin\server\jvm.dll
0x00007fff50aa0000 - 0x00007fff50aa8000 	C:\WINDOWS\System32\PSAPI.DLL
0x00007fff45c70000 - 0x00007fff45c79000 	C:\WINDOWS\SYSTEM32\WSOCK32.dll
0x00007fff50a30000 - 0x00007fff50a9c000 	C:\WINDOWS\System32\WS2_32.dll
0x00007fff3f5d0000 - 0x00007fff3f5f3000 	C:\WINDOWS\SYSTEM32\WINMM.dll
0x00007fff45dd0000 - 0x00007fff45dda000 	C:\WINDOWS\SYSTEM32\VERSION.dll
0x00007fff3f5a0000 - 0x00007fff3f5ca000 	C:\WINDOWS\SYSTEM32\WINMMBASE.dll
0x00007fff4e260000 - 0x00007fff4e2aa000 	C:\WINDOWS\System32\cfgmgr32.dll
0x00007fff3e540000 - 0x00007fff3e54f000 	C:\Program Files\Android\Android Studio\jre\jre\bin\verify.dll
0x00007fff3d6a0000 - 0x00007fff3d6c9000 	C:\Program Files\Android\Android Studio\jre\jre\bin\java.dll
0x00007fff3d680000 - 0x00007fff3d696000 	C:\Program Files\Android\Android Studio\jre\jre\bin\zip.dll
0x00007fff4ecd0000 - 0x00007fff50108000 	C:\WINDOWS\System32\SHELL32.dll
0x00007fff50980000 - 0x00007fff50a26000 	C:\WINDOWS\System32\shcore.dll
0x00007fff4e2b0000 - 0x00007fff4e9f7000 	C:\WINDOWS\System32\windows.storage.dll
0x00007fff502e0000 - 0x00007fff50331000 	C:\WINDOWS\System32\shlwapi.dll
0x00007fff4d8a0000 - 0x00007fff4d8b1000 	C:\WINDOWS\System32\kernel.appcore.dll
0x00007fff4d8c0000 - 0x00007fff4d90c000 	C:\WINDOWS\System32\powrprof.dll
0x00007fff4d910000 - 0x00007fff4d92b000 	C:\WINDOWS\System32\profapi.dll
0x00007fff3d660000 - 0x00007fff3d67a000 	C:\Program Files\Android\Android Studio\jre\jre\bin\net.dll
0x00007fff4d0b0000 - 0x00007fff4d116000 	C:\WINDOWS\system32\mswsock.dll
0x00007fff3d640000 - 0x00007fff3d651000 	C:\Program Files\Android\Android Studio\jre\jre\bin\nio.dll
0x00007fff4a440000 - 0x00007fff4a45e000 	C:\Users\Administrator\.gradle\native\25\windows-amd64\native-platform.dll
0x00007fff3d520000 - 0x00007fff3d52d000 	C:\Program Files\Android\Android Studio\jre\jre\bin\management.dll
0x00007fff4d2d0000 - 0x00007fff4d2e7000 	C:\WINDOWS\SYSTEM32\CRYPTSP.dll
0x00007fff4ccb0000 - 0x00007fff4cce3000 	C:\WINDOWS\system32\rsaenh.dll
0x00007fff4d3e0000 - 0x00007fff4d405000 	C:\WINDOWS\SYSTEM32\bcrypt.dll
0x00007fff4d7b0000 - 0x00007fff4d7d9000 	C:\WINDOWS\SYSTEM32\USERENV.dll
0x00007fff4d2f0000 - 0x00007fff4d2fb000 	C:\WINDOWS\SYSTEM32\CRYPTBASE.dll
0x00007fff4ce40000 - 0x00007fff4ce79000 	C:\WINDOWS\SYSTEM32\IPHLPAPI.DLL
0x00007fff50bc0000 - 0x00007fff50bc8000 	C:\WINDOWS\System32\NSI.dll
0x00007fff48b90000 - 0x00007fff48ba6000 	C:\WINDOWS\SYSTEM32\dhcpcsvc6.DLL
0x00007fff48a00000 - 0x00007fff48a1a000 	C:\WINDOWS\SYSTEM32\dhcpcsvc.DLL
0x00007fff3a050000 - 0x00007fff3a074000 	C:\Program Files\Android\Android Studio\jre\jre\bin\sunec.dll
0x00007fff4ce80000 - 0x00007fff4cf36000 	C:\WINDOWS\SYSTEM32\DNSAPI.dll
0x00007fff47910000 - 0x00007fff4791a000 	C:\Windows\System32\rasadhlp.dll
0x00007fff48520000 - 0x00007fff48590000 	C:\WINDOWS\System32\fwpuclnt.dll
0x00007fff3a040000 - 0x00007fff3a04b000 	C:\Program Files\Android\Android Studio\jre\jre\bin\sunmscapi.dll
0x00007fff4dad0000 - 0x00007fff4dc9e000 	C:\WINDOWS\System32\CRYPT32.dll
0x00007fff4d880000 - 0x00007fff4d892000 	C:\WINDOWS\System32\MSASN1.dll
0x00007fff2a2a0000 - 0x00007fff2a436000 	C:\Program Files\Android\Android Studio\jre\jre\bin\awt.dll
0x00007fff50450000 - 0x00007fff50515000 	C:\WINDOWS\System32\OLEAUT32.dll
0x00007fff4b170000 - 0x00007fff4b728000 	C:\WINDOWS\SYSTEM32\d2d1.dll
0x00007fff4be00000 - 0x00007fff4be88000 	C:\WINDOWS\SYSTEM32\apphelp.dll
0x00007fff4c120000 - 0x00007fff4c14a000 	C:\WINDOWS\system32\DWMAPI.DLL
0x00007fff4c050000 - 0x00007fff4c0e5000 	C:\WINDOWS\system32\uxtheme.dll

VM Arguments:
jvm_args: -Xmx1536m -Dfile.encoding=x-windows-950 -Duser.country=TW -Duser.language=zh -Duser.variant 
java_command: org.gradle.launcher.daemon.bootstrap.GradleDaemon 4.4
java_class_path (initial): C:\Users\Administrator\.gradle\wrapper\dists\gradle-4.4-all\9br9xq1tocpiv8o6njlyu5op1\gradle-4.4\lib\gradle-launcher-4.4.jar
Launcher Type: SUN_STANDARD

Environment Variables:
PATH=C:\Program Files (x86)\Common Files\Oracle\Java\javapath;C:\ProgramData\Oracle\Java\javapath;C:\WINDOWS\system32;C:\WINDOWS;C:\WINDOWS\System32\Wbem;C:\WINDOWS\System32\WindowsPowerShell\v1.0\;C:\Program Files (x86)\GtkSharp\2.12\bin;C:\Program Files (x86)\Java\jre1.8.0_77\bin;C:\Python27;C:\Python27\Scripts;C:\Python27\Lib;C:\Program Files\Java\jdk-10\bin;C:\Program Files\SASHome\x86\Secure\ccme4;C:\Program Files\SASHome\Secure\ccme4;C:\Program Files\SASHome\SASFoundation\9.4\ets\sasexe;C:\Users\Administrator\AppData\Local\Microsoft\WindowsApps;C:\Users\Administrator\AppData\Local\Microsoft\WindowsApps;C:\Python27;C:\Python27\Scripts;C:\Python27\Lib
USERNAME=Administrator
OS=Windows_NT
PROCESSOR_IDENTIFIER=Intel64 Family 6 Model 94 Stepping 3, GenuineIntel



---------------  S Y S T E M  ---------------

OS: Windows 10.0 , 64 bit Build 16299 (10.0.16299.431)

CPU:total 4 (initial active 4) (4 cores per cpu, 1 threads per core) family 6 model 94 stepping 3, cmov, cx8, fxsr, mmx, sse, sse2, sse3, ssse3, sse4.1, sse4.2, popcnt, avx, avx2, aes, clmul, erms, rtm, 3dnowpref, lzcnt, tsc, tscinvbit, bmi1, bmi2, adx

Memory: 4k page, physical 8263492k(1969184k free), swap 8263492k(4756k free)

vm_info: OpenJDK 64-Bit Server VM (25.152-b02) for windows-amd64 JRE (1.8.0_152-release-1024-b02), built by "builder" with MS VC++ 10.0 (VS2010)

time: Mon May 14 16:36:03 2018
elapsed time: 1065 seconds (0d 0h 17m 45s)

